2023-07-10 10:27:03,076 INFO notifyConnectTimeout:200

2023-07-10 10:27:03,082 INFO notifySocketTimeout:8000

2023-07-10 10:27:03,082 INFO isHealthCheck:true

2023-07-10 10:27:03,082 INFO maxHealthCheckFailCount:12

2023-07-10 10:27:03,082 INFO maxContent:10485760

2023-07-10 10:27:09,230 INFO use local db service for init

2023-07-10 10:27:10,106 WARN Lexical error at line 4, column 66.  Encountered: <EOF> after : "".

2023-07-10 10:27:10,129 WARN Syntax error: Encountered "*" at line 1, column 1.

2023-07-10 10:27:10,175 WARN Table/View 'CONFIG_INFO' already exists in Schema 'NACOS'.

2023-07-10 10:27:10,231 WARN Table/View 'HIS_CONFIG_INFO' already exists in Schema 'NACOS'.

2023-07-10 10:27:10,252 WARN Table/View 'CONFIG_INFO_BETA' already exists in Schema 'NACOS'.

2023-07-10 10:27:10,264 WARN Table/View 'CONFIG_INFO_TAG' already exists in Schema 'NACOS'.

2023-07-10 10:27:10,277 WARN Table/View 'CONFIG_INFO_AGGR' already exists in Schema 'NACOS'.

2023-07-10 10:27:10,289 WARN Table/View 'APP_LIST' already exists in Schema 'NACOS'.

2023-07-10 10:27:10,300 WARN Table/View 'APP_CONFIGDATA_RELATION_SUBS' already exists in Schema 'NACOS'.

2023-07-10 10:27:10,310 WARN Table/View 'APP_CONFIGDATA_RELATION_PUBS' already exists in Schema 'NACOS'.

2023-07-10 10:27:10,322 WARN Table/View 'CONFIG_TAGS_RELATION' already exists in Schema 'NACOS'.

2023-07-10 10:27:10,338 WARN Table/View 'GROUP_CAPACITY' already exists in Schema 'NACOS'.

2023-07-10 10:27:10,350 WARN Table/View 'TENANT_CAPACITY' already exists in Schema 'NACOS'.

2023-07-10 10:27:10,361 WARN Table/View 'TENANT_INFO' already exists in Schema 'NACOS'.

2023-07-10 10:27:10,374 WARN Table/View 'USERS' already exists in Schema 'NACOS'.

2023-07-10 10:27:10,384 WARN Table/View 'ROLES' already exists in Schema 'NACOS'.

2023-07-10 10:27:10,395 WARN Table/View 'PERMISSIONS' already exists in Schema 'NACOS'.

2023-07-10 10:27:10,468 WARN The statement was aborted because it would have caused a duplicate key value in a unique or primary key constraint or unique index identified by 'SQL230309171617280' defined on 'USERS'.

2023-07-10 10:27:10,476 WARN The statement was aborted because it would have caused a duplicate key value in a unique or primary key constraint or unique index identified by 'UK_USERNAME_ROLE' defined on 'ROLES'.

2023-07-10 10:27:10,477 WARN Lexical error at line 4, column 13.  Encountered: "`" (96), after : "".

2023-07-10 10:27:10,477 WARN Lexical error at line 1, column 13.  Encountered: "`" (96), after : "".

2023-07-10 10:27:10,477 WARN Lexical error at line 1, column 13.  Encountered: "`" (96), after : "".

2023-07-10 10:27:10,477 WARN Lexical error at line 1, column 13.  Encountered: "`" (96), after : "".

2023-07-10 10:27:10,477 INFO use StandaloneDatabaseOperateImpl

2023-07-10 10:27:12,454 WARN DumpService start

2023-07-10 10:27:12,456 INFO start clear all config-info.

2023-07-10 10:27:12,457 WARN clear all config-info failed.

2023-07-10 10:27:12,457 WARN clear all config-info-tenant failed.

2023-07-10 10:27:12,508 INFO start clear all config-info-beta.

2023-07-10 10:27:12,508 WARN clear all config-info-beta failed.

2023-07-10 10:27:12,508 WARN clear all config-info-beta-tenant failed.

2023-07-10 10:27:12,521 INFO start clear all config-info-tag.

2023-07-10 10:27:12,521 WARN clear all config-info-tag failed.

2023-07-10 10:27:12,521 WARN clear all config-info-tag-tenant failed.

