2023-07-10 10:27:42,568 INFO PERFORMANCE:|2|5|3|3

2023-07-10 10:32:42,582 INFO PERFORMANCE:|3|6|-1|-1

2023-07-10 10:37:42,586 INFO PERFORMANCE:|3|6|-1|-1

2023-07-10 10:42:42,598 INFO PERFORMANCE:|3|6|-1|-1

2023-07-10 10:47:42,601 INFO PERFORMANCE:|3|6|-1|-1

2023-07-10 10:52:42,606 INFO PERFORMANCE:|3|6|-1|-1

2023-07-10 10:57:42,612 INFO PERFORMANCE:|3|6|-1|-1

2023-07-10 11:02:42,622 INFO PERFORMANCE:|3|6|-1|-1

2023-07-10 11:07:42,623 INFO PERFORMANCE:|3|6|-1|-1

2023-07-10 11:12:42,636 INFO PERFORMANCE:|3|6|-1|-1

2023-07-10 11:17:42,645 INFO PERFORMANCE:|3|6|-1|-1

2023-07-10 11:22:42,646 INFO PERFORMANCE:|4|4|-1|-1

2023-07-10 11:27:42,657 INFO PERFORMANCE:|4|4|-1|-1

2023-07-10 11:32:42,667 INFO PERFORMANCE:|4|4|-1|-1

2023-07-10 11:37:42,673 INFO PERFORMANCE:|4|4|-1|-1

2023-07-10 11:42:42,683 INFO PERFORMANCE:|4|4|-1|-1

2023-07-10 11:47:42,692 INFO PERFORMANCE:|4|4|-1|-1

2023-07-10 11:52:42,706 INFO PERFORMANCE:|4|4|-1|-1

2023-07-10 11:57:42,713 INFO PERFORMANCE:|4|4|-1|-1

2023-07-10 12:02:42,719 INFO PERFORMANCE:|4|4|-1|-1

2023-07-10 12:07:42,728 INFO PERFORMANCE:|4|4|-1|-1

2023-07-10 12:12:42,730 INFO PERFORMANCE:|4|4|-1|-1

2023-07-10 12:17:42,746 INFO PERFORMANCE:|4|4|-1|-1

2023-07-10 12:22:42,756 INFO PERFORMANCE:|4|4|-1|-1

2023-07-10 12:27:42,764 INFO PERFORMANCE:|4|4|-1|-1

2023-07-10 12:32:42,771 INFO PERFORMANCE:|4|4|-1|-1

2023-07-10 12:37:42,778 INFO PERFORMANCE:|4|4|-1|-1

2023-07-10 12:42:42,793 INFO PERFORMANCE:|4|4|-1|-1

2023-07-10 12:47:42,795 INFO PERFORMANCE:|4|4|-1|-1

2023-07-10 12:52:42,809 INFO PERFORMANCE:|4|4|-1|-1

2023-07-10 12:57:42,816 INFO PERFORMANCE:|4|4|-1|-1

2023-07-10 13:02:42,817 INFO PERFORMANCE:|4|4|-1|-1

2023-07-10 13:07:42,821 INFO PERFORMANCE:|4|4|-1|-1

2023-07-10 13:12:42,832 INFO PERFORMANCE:|4|4|-1|-1

2023-07-10 13:17:42,833 INFO PERFORMANCE:|4|4|-1|-1

2023-07-10 13:22:42,839 INFO PERFORMANCE:|3|3|-1|-1

2023-07-10 13:27:42,847 INFO PERFORMANCE:|3|3|-1|-1

2023-07-10 13:32:42,860 INFO PERFORMANCE:|3|3|-1|-1

2023-07-10 13:37:42,864 INFO PERFORMANCE:|3|3|-1|-1

2023-07-10 13:42:42,879 INFO PERFORMANCE:|3|3|-1|-1

2023-07-10 13:47:42,879 INFO PERFORMANCE:|3|3|-1|-1

2023-07-10 13:52:42,880 INFO PERFORMANCE:|3|3|-1|-1

2023-07-10 13:57:42,887 INFO PERFORMANCE:|3|3|-1|-1

2023-07-10 14:02:42,898 INFO PERFORMANCE:|3|3|-1|-1

2023-07-10 14:07:42,908 INFO PERFORMANCE:|3|3|-1|-1

2023-07-10 14:12:42,921 INFO PERFORMANCE:|3|3|-1|-1

2023-07-10 14:17:42,929 INFO PERFORMANCE:|3|3|-1|-1

2023-07-10 14:22:42,936 INFO PERFORMANCE:|3|3|-1|-1

2023-07-10 14:27:42,944 INFO PERFORMANCE:|3|3|-1|-1

2023-07-10 14:32:42,951 INFO PERFORMANCE:|3|3|-1|-1

2023-07-10 14:37:42,953 INFO PERFORMANCE:|3|3|-1|-1

2023-07-10 14:42:42,964 INFO PERFORMANCE:|3|3|-1|-1

2023-07-10 14:47:42,971 INFO PERFORMANCE:|3|3|-1|-1

2023-07-10 14:52:42,981 INFO PERFORMANCE:|3|3|-1|-1

2023-07-10 14:57:42,996 INFO PERFORMANCE:|3|3|-1|-1

2023-07-10 15:02:43,004 INFO PERFORMANCE:|3|3|-1|-1

2023-07-10 15:07:43,011 INFO PERFORMANCE:|3|3|-1|-1

2023-07-10 15:12:43,018 INFO PERFORMANCE:|3|3|-1|-1

2023-07-10 15:17:43,019 INFO PERFORMANCE:|3|3|-1|-1

2023-07-10 15:22:43,023 INFO PERFORMANCE:|3|3|-1|-1

2023-07-10 15:27:43,032 INFO PERFORMANCE:|3|3|-1|-1

2023-07-10 15:32:43,044 INFO PERFORMANCE:|3|3|-1|-1

2023-07-10 15:37:43,045 INFO PERFORMANCE:|3|3|-1|-1

2023-07-10 15:42:43,049 INFO PERFORMANCE:|3|3|-1|-1

2023-07-10 15:47:43,057 INFO PERFORMANCE:|3|3|-1|-1

2023-07-10 15:52:43,067 INFO PERFORMANCE:|4|4|-1|-1

