2023-04-02 00:04:30,712 INFO PERFORMANCE:|3|11|-1|-1

2023-04-02 00:09:30,725 INFO PERFORMANCE:|3|11|-1|-1

2023-04-02 00:14:30,737 INFO PERFORMANCE:|3|11|-1|-1

2023-04-02 00:19:30,751 INFO PERFORMANCE:|3|11|-1|-1

2023-04-02 00:24:30,756 INFO PERFORMANCE:|3|11|-1|-1

2023-04-02 00:29:30,757 INFO PERFORMANCE:|3|11|-1|-1

2023-04-02 00:34:30,773 INFO PERFORMANCE:|3|11|-1|-1

2023-04-02 00:39:30,785 INFO PERFORMANCE:|3|11|-1|-1

2023-04-02 00:44:30,786 INFO PERFORMANCE:|3|11|-1|-1

2023-04-02 00:49:30,792 INFO PERFORMANCE:|3|11|-1|-1

2023-04-02 00:54:30,794 INFO PERFORMANCE:|3|11|-1|-1

2023-04-02 00:59:30,796 INFO PERFORMANCE:|3|11|-1|-1

2023-04-02 01:04:30,805 INFO PERFORMANCE:|2|8|-1|-1

2023-04-02 01:09:30,816 INFO PERFORMANCE:|2|8|-1|-1

2023-04-02 01:14:30,830 INFO PERFORMANCE:|2|8|-1|-1

2023-04-02 01:19:30,837 INFO PERFORMANCE:|2|8|-1|-1

2023-04-02 01:24:30,838 INFO PERFORMANCE:|2|8|-1|-1

2023-04-02 01:29:30,842 INFO PERFORMANCE:|3|11|-1|-1

2023-04-02 01:34:30,847 INFO PERFORMANCE:|3|11|-1|-1

2023-04-02 01:39:30,852 INFO PERFORMANCE:|3|11|-1|-1

2023-04-02 01:44:30,856 INFO PERFORMANCE:|3|11|-1|-1

2023-04-02 01:49:30,866 INFO PERFORMANCE:|3|11|-1|-1

2023-04-02 01:54:30,873 INFO PERFORMANCE:|3|11|-1|-1

2023-04-02 01:59:30,883 INFO PERFORMANCE:|3|11|-1|-1

2023-04-02 19:28:12,859 INFO PERFORMANCE:|3|11|-1|-1

2023-04-02 19:33:12,865 INFO PERFORMANCE:|3|11|-1|-1

2023-04-02 19:38:12,872 INFO PERFORMANCE:|3|11|-1|-1

2023-04-02 19:43:12,878 INFO PERFORMANCE:|3|11|-1|-1

2023-04-02 19:48:12,885 INFO PERFORMANCE:|3|11|-1|-1

2023-04-02 19:53:12,899 INFO PERFORMANCE:|3|11|-1|-1

2023-04-02 19:58:12,915 INFO PERFORMANCE:|3|11|-1|-1

2023-04-02 20:03:12,916 INFO PERFORMANCE:|3|11|-1|-1

2023-04-02 20:08:12,924 INFO PERFORMANCE:|3|11|-1|-1

2023-04-02 20:13:12,931 INFO PERFORMANCE:|3|11|-1|-1

2023-04-02 20:18:12,935 INFO PERFORMANCE:|3|11|-1|-1

2023-04-02 20:23:12,943 INFO PERFORMANCE:|3|11|-1|-1

2023-04-02 20:28:12,944 INFO PERFORMANCE:|3|11|-1|-1

2023-04-02 20:33:12,951 INFO PERFORMANCE:|3|11|-1|-1

