2023-07-03 00:01:07,545 INFO PERFORMANCE:|3|7|-1|-1

2023-07-03 00:06:07,553 INFO PERFORMANCE:|3|7|-1|-1

2023-07-03 00:11:07,567 INFO PERFORMANCE:|3|7|-1|-1

2023-07-03 00:16:07,582 INFO PERFORMANCE:|3|7|-1|-1

2023-07-03 00:21:07,585 INFO PERFORMANCE:|3|7|-1|-1

2023-07-03 00:26:07,586 INFO PERFORMANCE:|3|7|-1|-1

2023-07-03 00:31:07,599 INFO PERFORMANCE:|3|7|-1|-1

2023-07-03 00:36:07,608 INFO PERFORMANCE:|3|7|-1|-1

2023-07-03 00:41:07,620 INFO PERFORMANCE:|3|7|-1|-1

2023-07-03 00:46:07,625 INFO PERFORMANCE:|3|7|-1|-1

2023-07-03 00:51:07,632 INFO PERFORMANCE:|3|7|-1|-1

2023-07-03 00:56:07,642 INFO PERFORMANCE:|3|7|-1|-1

2023-07-03 01:01:07,656 INFO PERFORMANCE:|3|7|-1|-1

2023-07-03 01:06:07,663 INFO PERFORMANCE:|3|7|-1|-1

2023-07-03 01:11:07,676 INFO PERFORMANCE:|3|7|-1|-1

2023-07-03 01:16:07,680 INFO PERFORMANCE:|3|7|-1|-1

2023-07-03 01:21:07,686 INFO PERFORMANCE:|3|7|-1|-1

2023-07-03 01:26:07,693 INFO PERFORMANCE:|3|7|-1|-1

2023-07-03 01:31:07,697 INFO PERFORMANCE:|3|7|-1|-1

2023-07-03 01:36:07,707 INFO PERFORMANCE:|3|7|-1|-1

2023-07-03 01:41:07,710 INFO PERFORMANCE:|3|7|-1|-1

2023-07-03 01:46:07,719 INFO PERFORMANCE:|3|7|-1|-1

2023-07-03 01:51:07,733 INFO PERFORMANCE:|3|7|-1|-1

2023-07-03 01:56:07,743 INFO PERFORMANCE:|3|7|-1|-1

2023-07-03 02:01:07,752 INFO PERFORMANCE:|3|7|-1|-1

2023-07-03 02:06:07,766 INFO PERFORMANCE:|3|7|-1|-1

2023-07-03 02:11:07,766 INFO PERFORMANCE:|3|7|-1|-1

2023-07-03 02:16:07,774 INFO PERFORMANCE:|3|7|-1|-1

2023-07-03 02:21:07,778 INFO PERFORMANCE:|3|7|-1|-1

2023-07-03 02:26:07,789 INFO PERFORMANCE:|3|7|-1|-1

2023-07-03 02:31:07,796 INFO PERFORMANCE:|3|7|-1|-1

2023-07-03 02:36:07,798 INFO PERFORMANCE:|3|7|-1|-1

2023-07-03 02:41:07,811 INFO PERFORMANCE:|3|7|-1|-1

2023-07-03 02:46:07,823 INFO PERFORMANCE:|3|7|-1|-1

2023-07-03 02:51:07,837 INFO PERFORMANCE:|3|7|-1|-1

2023-07-03 02:56:07,852 INFO PERFORMANCE:|3|7|-1|-1

2023-07-03 03:01:07,857 INFO PERFORMANCE:|3|7|-1|-1

2023-07-03 03:06:07,873 INFO PERFORMANCE:|3|7|-1|-1

2023-07-03 03:11:07,875 INFO PERFORMANCE:|3|7|-1|-1

2023-07-03 03:16:07,889 INFO PERFORMANCE:|3|7|-1|-1

2023-07-03 03:21:07,897 INFO PERFORMANCE:|3|7|-1|-1

2023-07-03 03:26:07,908 INFO PERFORMANCE:|3|7|-1|-1

2023-07-03 03:31:07,910 INFO PERFORMANCE:|3|7|-1|-1

2023-07-03 03:36:07,918 INFO PERFORMANCE:|3|7|-1|-1

2023-07-03 03:41:07,923 INFO PERFORMANCE:|3|7|-1|-1

2023-07-03 03:46:07,936 INFO PERFORMANCE:|3|7|-1|-1

2023-07-03 03:51:07,951 INFO PERFORMANCE:|3|7|-1|-1

2023-07-03 03:56:07,965 INFO PERFORMANCE:|3|7|-1|-1

2023-07-03 04:01:07,975 INFO PERFORMANCE:|3|7|-1|-1

2023-07-03 04:06:07,983 INFO PERFORMANCE:|3|7|-1|-1

2023-07-03 04:11:07,995 INFO PERFORMANCE:|3|7|-1|-1

2023-07-03 04:16:07,996 INFO PERFORMANCE:|3|7|-1|-1

2023-07-03 04:21:08,002 INFO PERFORMANCE:|3|7|-1|-1

2023-07-03 04:26:08,012 INFO PERFORMANCE:|3|7|-1|-1

2023-07-03 04:31:08,023 INFO PERFORMANCE:|3|7|-1|-1

2023-07-03 04:36:08,031 INFO PERFORMANCE:|3|7|-1|-1

2023-07-03 04:41:08,044 INFO PERFORMANCE:|3|7|-1|-1

2023-07-03 04:46:08,056 INFO PERFORMANCE:|3|7|-1|-1

2023-07-03 04:51:08,071 INFO PERFORMANCE:|3|7|-1|-1

2023-07-03 04:56:08,085 INFO PERFORMANCE:|3|7|-1|-1

2023-07-03 05:01:08,090 INFO PERFORMANCE:|3|7|-1|-1

2023-07-03 05:06:08,096 INFO PERFORMANCE:|3|7|-1|-1

2023-07-03 05:11:08,108 INFO PERFORMANCE:|3|7|-1|-1

2023-07-03 05:16:08,123 INFO PERFORMANCE:|3|7|-1|-1

2023-07-03 05:21:08,130 INFO PERFORMANCE:|3|7|-1|-1

2023-07-03 05:26:08,134 INFO PERFORMANCE:|3|7|-1|-1

2023-07-03 05:31:08,148 INFO PERFORMANCE:|3|7|-1|-1

2023-07-03 05:36:08,153 INFO PERFORMANCE:|3|7|-1|-1

2023-07-03 05:41:08,157 INFO PERFORMANCE:|3|7|-1|-1

2023-07-03 05:46:08,168 INFO PERFORMANCE:|3|7|-1|-1

2023-07-03 05:51:08,178 INFO PERFORMANCE:|3|7|-1|-1

2023-07-03 05:56:08,188 INFO PERFORMANCE:|3|7|-1|-1

2023-07-03 06:01:08,199 INFO PERFORMANCE:|3|7|-1|-1

2023-07-03 06:06:08,213 INFO PERFORMANCE:|3|7|-1|-1

2023-07-03 06:11:08,214 INFO PERFORMANCE:|3|7|-1|-1

2023-07-03 06:16:08,227 INFO PERFORMANCE:|3|7|-1|-1

2023-07-03 06:21:08,235 INFO PERFORMANCE:|3|7|-1|-1

2023-07-03 06:26:08,239 INFO PERFORMANCE:|3|7|-1|-1

2023-07-03 06:31:08,239 INFO PERFORMANCE:|3|7|-1|-1

2023-07-03 06:36:08,248 INFO PERFORMANCE:|3|7|-1|-1

2023-07-03 06:41:08,258 INFO PERFORMANCE:|3|7|-1|-1

2023-07-03 06:46:08,265 INFO PERFORMANCE:|3|7|-1|-1

2023-07-03 06:51:08,277 INFO PERFORMANCE:|3|7|-1|-1

2023-07-03 06:56:08,284 INFO PERFORMANCE:|3|7|-1|-1

2023-07-03 07:01:08,293 INFO PERFORMANCE:|3|7|-1|-1

2023-07-03 07:06:08,304 INFO PERFORMANCE:|3|7|-1|-1

2023-07-03 07:11:08,307 INFO PERFORMANCE:|3|7|-1|-1

2023-07-03 07:16:08,316 INFO PERFORMANCE:|3|7|-1|-1

2023-07-03 07:21:08,324 INFO PERFORMANCE:|3|7|-1|-1

2023-07-03 07:26:08,336 INFO PERFORMANCE:|3|7|-1|-1

2023-07-03 07:31:08,345 INFO PERFORMANCE:|3|7|-1|-1

2023-07-03 20:03:18,513 INFO PERFORMANCE:|0|0|-1|-1

2023-07-03 20:08:18,515 INFO PERFORMANCE:|0|0|-1|-1

2023-07-03 20:13:18,529 INFO PERFORMANCE:|0|0|-1|-1

2023-07-03 20:18:18,534 INFO PERFORMANCE:|1|0|-1|-1

2023-07-03 20:23:18,545 INFO PERFORMANCE:|1|3|-1|-1

2023-07-03 20:28:18,561 INFO PERFORMANCE:|1|3|-1|-1

2023-07-03 20:33:18,565 INFO PERFORMANCE:|1|3|-1|-1

2023-07-03 20:38:18,571 INFO PERFORMANCE:|1|3|-1|-1

2023-07-03 20:43:18,589 INFO PERFORMANCE:|1|3|-1|-1

2023-07-03 20:48:18,597 INFO PERFORMANCE:|1|3|-1|-1

2023-07-03 20:53:18,597 INFO PERFORMANCE:|1|3|-1|-1

2023-07-03 20:58:18,606 INFO PERFORMANCE:|1|3|-1|-1

2023-07-03 21:03:18,615 INFO PERFORMANCE:|1|3|-1|-1

2023-07-03 21:08:18,622 INFO PERFORMANCE:|1|3|-1|-1

2023-07-03 21:13:18,625 INFO PERFORMANCE:|1|3|-1|-1

2023-07-03 21:18:18,635 INFO PERFORMANCE:|1|3|-1|-1

2023-07-03 21:23:18,650 INFO PERFORMANCE:|1|3|-1|-1

2023-07-03 21:28:18,657 INFO PERFORMANCE:|1|3|-1|-1

2023-07-03 21:33:18,664 INFO PERFORMANCE:|1|3|-1|-1

2023-07-03 21:38:18,673 INFO PERFORMANCE:|1|3|-1|-1

2023-07-03 21:43:18,676 INFO PERFORMANCE:|1|3|-1|-1

2023-07-03 21:48:18,684 INFO PERFORMANCE:|1|3|-1|-1

2023-07-03 21:53:18,689 INFO PERFORMANCE:|1|3|-1|-1

2023-07-03 21:58:18,690 INFO PERFORMANCE:|1|3|-1|-1

2023-07-03 22:03:18,693 INFO PERFORMANCE:|1|3|-1|-1

2023-07-03 22:08:18,705 INFO PERFORMANCE:|1|3|-1|-1

2023-07-03 22:13:18,713 INFO PERFORMANCE:|1|3|-1|-1

2023-07-03 22:18:18,728 INFO PERFORMANCE:|1|3|-1|-1

2023-07-03 22:23:18,728 INFO PERFORMANCE:|1|3|-1|-1

2023-07-03 22:28:18,729 INFO PERFORMANCE:|1|3|-1|-1

2023-07-03 22:33:18,744 INFO PERFORMANCE:|1|3|-1|-1

2023-07-03 22:38:18,754 INFO PERFORMANCE:|1|3|-1|-1

2023-07-03 22:43:18,762 INFO PERFORMANCE:|1|3|-1|-1

2023-07-03 22:48:18,765 INFO PERFORMANCE:|1|3|-1|-1

2023-07-03 22:53:18,791 INFO PERFORMANCE:|1|3|-1|-1

