2023-07-07 17:00:12,526 INFO PERFORMANCE:|0|0|-1|-1

2023-07-07 17:05:12,528 INFO PERFORMANCE:|0|0|-1|-1

2023-07-07 17:10:12,530 INFO PERFORMANCE:|0|0|-1|-1

2023-07-07 17:15:12,531 INFO PERFORMANCE:|0|0|-1|-1

2023-07-07 17:20:12,531 INFO PERFORMANCE:|0|0|-1|-1

2023-07-07 17:25:12,533 INFO PERFORMANCE:|0|0|-1|-1

2023-07-07 17:30:12,534 INFO PERFORMANCE:|0|0|-1|-1

2023-07-07 17:35:12,536 INFO PERFORMANCE:|0|0|-1|-1

2023-07-07 17:40:12,537 INFO PERFORMANCE:|0|0|-1|-1

2023-07-07 17:45:12,538 INFO PERFORMANCE:|0|0|-1|-1

2023-07-07 17:50:12,541 INFO PERFORMANCE:|0|0|-1|-1

2023-07-07 17:55:12,543 INFO PERFORMANCE:|0|0|-1|-1

2023-07-07 18:00:12,543 INFO PERFORMANCE:|0|0|-1|-1

2023-07-07 18:05:12,545 INFO PERFORMANCE:|0|0|-1|-1

2023-07-07 18:10:12,546 INFO PERFORMANCE:|0|0|-1|-1

2023-07-07 18:15:12,548 INFO PERFORMANCE:|0|0|-1|-1

2023-07-07 18:20:12,549 INFO PERFORMANCE:|0|0|-1|-1

2023-07-07 18:25:12,551 INFO PERFORMANCE:|0|0|-1|-1

2023-07-07 18:30:12,552 INFO PERFORMANCE:|0|0|-1|-1

2023-07-07 18:35:12,553 INFO PERFORMANCE:|0|0|-1|-1

2023-07-07 18:40:12,555 INFO PERFORMANCE:|0|0|-1|-1

2023-07-07 18:45:12,556 INFO PERFORMANCE:|0|0|-1|-1

2023-07-07 18:50:12,557 INFO PERFORMANCE:|0|0|-1|-1

2023-07-07 18:55:12,558 INFO PERFORMANCE:|0|0|-1|-1

2023-07-07 19:00:12,559 INFO PERFORMANCE:|0|0|-1|-1

2023-07-07 19:05:12,561 INFO PERFORMANCE:|0|0|-1|-1

2023-07-07 19:10:12,562 INFO PERFORMANCE:|0|0|-1|-1

2023-07-07 19:15:12,563 INFO PERFORMANCE:|0|0|-1|-1

2023-07-07 19:20:12,564 INFO PERFORMANCE:|0|0|-1|-1

2023-07-07 19:25:12,565 INFO PERFORMANCE:|0|0|-1|-1

2023-07-07 19:30:12,567 INFO PERFORMANCE:|0|0|-1|-1

2023-07-07 19:35:12,568 INFO PERFORMANCE:|0|0|-1|-1

2023-07-07 19:40:12,569 INFO PERFORMANCE:|0|0|-1|-1

2023-07-07 19:45:12,571 INFO PERFORMANCE:|0|0|-1|-1

2023-07-07 19:50:12,572 INFO PERFORMANCE:|0|0|-1|-1

2023-07-07 19:55:12,572 INFO PERFORMANCE:|0|0|-1|-1

2023-07-07 20:00:12,573 INFO PERFORMANCE:|0|0|-1|-1

2023-07-07 20:05:12,574 INFO PERFORMANCE:|0|0|-1|-1

2023-07-07 20:10:12,576 INFO PERFORMANCE:|0|0|-1|-1

2023-07-07 20:15:12,576 INFO PERFORMANCE:|0|0|-1|-1

2023-07-07 20:20:12,578 INFO PERFORMANCE:|0|0|-1|-1

2023-07-07 20:25:12,579 INFO PERFORMANCE:|0|0|-1|-1

2023-07-07 20:30:12,581 INFO PERFORMANCE:|0|0|-1|-1

2023-07-07 20:35:12,582 INFO PERFORMANCE:|0|0|-1|-1

2023-07-07 20:40:12,584 INFO PERFORMANCE:|0|0|-1|-1

2023-07-07 20:45:12,585 INFO PERFORMANCE:|0|0|-1|-1

2023-07-07 20:50:12,587 INFO PERFORMANCE:|0|0|-1|-1

2023-07-07 20:55:12,588 INFO PERFORMANCE:|0|0|-1|-1

2023-07-07 21:00:12,589 INFO PERFORMANCE:|0|0|-1|-1

2023-07-07 21:05:12,590 INFO PERFORMANCE:|0|0|-1|-1

2023-07-07 21:10:12,592 INFO PERFORMANCE:|0|0|-1|-1

2023-07-07 21:15:12,594 INFO PERFORMANCE:|0|0|-1|-1

2023-07-07 21:20:12,594 INFO PERFORMANCE:|0|0|-1|-1

2023-07-07 21:25:12,595 INFO PERFORMANCE:|0|0|-1|-1

2023-07-07 21:30:12,597 INFO PERFORMANCE:|0|0|-1|-1

2023-07-07 21:35:12,598 INFO PERFORMANCE:|0|0|-1|-1

2023-07-07 21:40:12,600 INFO PERFORMANCE:|0|0|-1|-1

2023-07-07 21:45:12,601 INFO PERFORMANCE:|0|0|-1|-1

2023-07-07 21:50:12,603 INFO PERFORMANCE:|0|0|-1|-1

2023-07-07 21:55:12,604 INFO PERFORMANCE:|0|0|-1|-1

2023-07-07 22:00:12,606 INFO PERFORMANCE:|0|0|-1|-1

2023-07-07 22:05:12,607 INFO PERFORMANCE:|0|0|-1|-1

2023-07-07 22:10:12,609 INFO PERFORMANCE:|0|0|-1|-1

2023-07-07 22:15:12,611 INFO PERFORMANCE:|0|0|-1|-1

2023-07-07 22:20:12,613 INFO PERFORMANCE:|0|0|-1|-1

2023-07-07 22:25:12,614 INFO PERFORMANCE:|0|0|-1|-1

2023-07-07 22:30:12,615 INFO PERFORMANCE:|0|0|-1|-1

2023-07-07 22:35:12,616 INFO PERFORMANCE:|0|0|-1|-1

2023-07-07 22:40:12,618 INFO PERFORMANCE:|0|0|-1|-1

2023-07-07 22:45:12,619 INFO PERFORMANCE:|0|0|-1|-1

2023-07-07 22:50:12,621 INFO PERFORMANCE:|0|0|-1|-1

2023-07-07 22:55:12,622 INFO PERFORMANCE:|0|0|-1|-1

2023-07-07 23:00:12,624 INFO PERFORMANCE:|0|0|-1|-1

2023-07-07 23:05:12,626 INFO PERFORMANCE:|0|0|-1|-1

2023-07-07 23:10:12,627 INFO PERFORMANCE:|0|0|-1|-1

2023-07-07 23:15:12,629 INFO PERFORMANCE:|0|0|-1|-1

2023-07-07 23:20:12,631 INFO PERFORMANCE:|0|0|-1|-1

2023-07-07 23:25:12,631 INFO PERFORMANCE:|0|0|-1|-1

2023-07-07 23:30:12,632 INFO PERFORMANCE:|0|0|-1|-1

2023-07-07 23:35:12,634 INFO PERFORMANCE:|0|0|-1|-1

2023-07-07 23:40:12,635 INFO PERFORMANCE:|0|0|-1|-1

2023-07-07 23:45:12,637 INFO PERFORMANCE:|0|0|-1|-1

2023-07-07 23:50:12,639 INFO PERFORMANCE:|0|0|-1|-1

