2023-07-07 16:59:41,636 INFO raft peers changed: [Member{ip='192.168.0.102', port=8848, state=UP, extendInfo={raftPort=7848}}]

2023-07-07 16:59:41,670 INFO initializing Raft sub-system

2023-07-07 16:59:41,670 INFO finish loading all datums, size: 0 cost 0 ms.

2023-07-07 16:59:41,676 INFO cache loaded, datum count: 0, current term: 0

2023-07-07 16:59:41,676 INFO finish to load data from disk, cost: 6 ms.

2023-07-07 16:59:41,679 INFO timer started: leader timeout ms: 15000, heart-beat timeout ms: 5000

2023-07-07 16:59:42,294 INFO add listener: com.alibaba.nacos.naming.domains.meta.00-00---000-NACOS_SWITCH_DOMAIN-000---00-00

2023-07-07 16:59:42,314 INFO add listener: com.alibaba.nacos.naming.domains.meta.

2023-07-07 16:59:44,288 INFO leader timeout, start voting,leader: {"ip":"192.168.0.102:8848","term":0,"leaderDueMs":18297,"heartbeatDueMs":5000,"state":"FOLLOWER"}, term: 0

2023-07-07 16:59:46,613 WARN start to close old raft protocol!!!

2023-07-07 16:59:46,613 WARN stop old raft protocol task for notifier

2023-07-07 16:59:46,613 WARN stop old raft protocol task for master task

2023-07-07 16:59:46,613 WARN stop old raft protocol task for heartbeat task

2023-07-07 16:59:46,613 WARN clean old cache datum for old raft

2023-07-07 16:59:46,613 WARN start to close old raft protocol!!!

2023-07-07 16:59:46,613 WARN stop old raft protocol task for notifier

2023-07-07 16:59:46,613 WARN stop old raft protocol task for master task

2023-07-07 16:59:46,613 WARN stop old raft protocol task for heartbeat task

2023-07-07 16:59:46,613 WARN clean old cache datum for old raft

2023-07-07 16:59:46,613 WARN start to move old raft protocol metadata

2023-07-07 16:59:46,615 WARN start to move old raft protocol metadata

2023-07-07 16:59:46,616 INFO raft peers changed: [Member{ip='192.168.0.102', port=8848, state=UP, extendInfo={lastRefreshTime=1688720386615, raftPort=7848, version=1.4.1}}]

