2023-07-03 20:02:47,757 INFO raft peers changed: [Member{ip='198.18.0.1', port=8848, state=UP, extendInfo={raftPort=7848}}]

2023-07-03 20:02:47,787 INFO initializing Raft sub-system

2023-07-03 20:02:47,787 INFO finish loading all datums, size: 0 cost 0 ms.

2023-07-03 20:02:47,790 INFO cache loaded, datum count: 0, current term: 0

2023-07-03 20:02:47,790 INFO finish to load data from disk, cost: 3 ms.

2023-07-03 20:02:47,794 INFO timer started: leader timeout ms: 15000, heart-beat timeout ms: 5000

2023-07-03 20:02:48,326 INFO add listener: com.alibaba.nacos.naming.domains.meta.00-00---000-NACOS_SWITCH_DOMAIN-000---00-00

2023-07-03 20:02:48,340 INFO add listener: com.alibaba.nacos.naming.domains.meta.

2023-07-03 20:02:52,740 WARN start to close old raft protocol!!!

2023-07-03 20:02:52,740 WARN stop old raft protocol task for notifier

2023-07-03 20:02:52,740 WARN stop old raft protocol task for master task

2023-07-03 20:02:52,740 WARN stop old raft protocol task for heartbeat task

2023-07-03 20:02:52,740 WARN clean old cache datum for old raft

2023-07-03 20:02:52,740 WARN start to close old raft protocol!!!

2023-07-03 20:02:52,740 WARN stop old raft protocol task for notifier

2023-07-03 20:02:52,740 WARN stop old raft protocol task for master task

2023-07-03 20:02:52,740 WARN stop old raft protocol task for heartbeat task

2023-07-03 20:02:52,740 WARN clean old cache datum for old raft

2023-07-03 20:02:52,740 WARN start to move old raft protocol metadata

2023-07-03 20:02:52,742 WARN start to move old raft protocol metadata

2023-07-03 20:02:52,742 INFO raft peers changed: [Member{ip='198.18.0.1', port=8848, state=UP, extendInfo={lastRefreshTime=1688385772742, raftPort=7848, version=1.4.1}}]

2023-07-03 20:13:27,928 INFO add listener: com.alibaba.nacos.naming.iplist.public##DEFAULT_GROUP@@userservice

